\BOOKMARK [0][-]{chapter.1}{\376\377\0001\000\040\000N\000a\000m\000e\000s\000p\000a\000c\000e\000\040\000I\000n\000d\000e\000x}{}% 1
\BOOKMARK [1][-]{section.1.1}{\376\377\0001\000.\0001\000\040\000P\000a\000c\000k\000a\000g\000e\000s}{chapter.1}% 2
\BOOKMARK [0][-]{chapter.2}{\376\377\0002\000\040\000H\000i\000e\000r\000a\000r\000c\000h\000i\000c\000a\000l\000\040\000I\000n\000d\000e\000x}{}% 3
\BOOKMARK [1][-]{section.2.1}{\376\377\0002\000.\0001\000\040\000C\000l\000a\000s\000s\000\040\000H\000i\000e\000r\000a\000r\000c\000h\000y}{chapter.2}% 4
\BOOKMARK [0][-]{chapter.3}{\376\377\0003\000\040\000C\000l\000a\000s\000s\000\040\000I\000n\000d\000e\000x}{}% 5
\BOOKMARK [1][-]{section.3.1}{\376\377\0003\000.\0001\000\040\000C\000l\000a\000s\000s\000\040\000L\000i\000s\000t}{chapter.3}% 6
\BOOKMARK [0][-]{chapter.4}{\376\377\0004\000\040\000N\000a\000m\000e\000s\000p\000a\000c\000e\000\040\000D\000o\000c\000u\000m\000e\000n\000t\000a\000t\000i\000o\000n}{}% 7
\BOOKMARK [1][-]{section.4.1}{\376\377\0004\000.\0001\000\040\000S\000w\000i\000p\000e\000M\000e\000n\000u\000\040\000N\000a\000m\000e\000s\000p\000a\000c\000e\000\040\000R\000e\000f\000e\000r\000e\000n\000c\000e}{chapter.4}% 8
\BOOKMARK [0][-]{chapter.5}{\376\377\0005\000\040\000C\000l\000a\000s\000s\000\040\000D\000o\000c\000u\000m\000e\000n\000t\000a\000t\000i\000o\000n}{}% 9
\BOOKMARK [1][-]{section.5.1}{\376\377\0005\000.\0001\000\040\000D\000e\000m\000o\000S\000c\000e\000n\000e\000S\000w\000i\000t\000c\000h\000e\000r\000\040\000C\000l\000a\000s\000s\000\040\000R\000e\000f\000e\000r\000e\000n\000c\000e}{chapter.5}% 10
\BOOKMARK [2][-]{subsection.5.1.1}{\376\377\0005\000.\0001\000.\0001\000\040\000D\000e\000t\000a\000i\000l\000e\000d\000\040\000D\000e\000s\000c\000r\000i\000p\000t\000i\000o\000n}{section.5.1}% 11
\BOOKMARK [1][-]{section.5.2}{\376\377\0005\000.\0002\000\040\000E\000x\000a\000m\000p\000l\000e\000C\000h\000a\000r\000a\000c\000t\000e\000r\000S\000e\000l\000e\000c\000t\000o\000r\000\040\000C\000l\000a\000s\000s\000\040\000R\000e\000f\000e\000r\000e\000n\000c\000e}{chapter.5}% 12
\BOOKMARK [2][-]{subsection.5.2.1}{\376\377\0005\000.\0002\000.\0001\000\040\000D\000e\000t\000a\000i\000l\000e\000d\000\040\000D\000e\000s\000c\000r\000i\000p\000t\000i\000o\000n}{section.5.2}% 13
\BOOKMARK [1][-]{section.5.3}{\376\377\0005\000.\0003\000\040\000E\000x\000a\000m\000p\000l\000e\000M\000e\000n\000u\000A\000u\000d\000i\000o\000P\000l\000a\000y\000e\000r\000\040\000C\000l\000a\000s\000s\000\040\000R\000e\000f\000e\000r\000e\000n\000c\000e}{chapter.5}% 14
\BOOKMARK [2][-]{subsection.5.3.1}{\376\377\0005\000.\0003\000.\0001\000\040\000D\000e\000t\000a\000i\000l\000e\000d\000\040\000D\000e\000s\000c\000r\000i\000p\000t\000i\000o\000n}{section.5.3}% 15
\BOOKMARK [2][-]{subsection.5.3.2}{\376\377\0005\000.\0003\000.\0002\000\040\000M\000e\000m\000b\000e\000r\000\040\000F\000u\000n\000c\000t\000i\000o\000n\000\040\000D\000o\000c\000u\000m\000e\000n\000t\000a\000t\000i\000o\000n}{section.5.3}% 16
\BOOKMARK [3][-]{subsubsection.5.3.2.1}{\376\377\0005\000.\0003\000.\0002\000.\0001\000\040\000P\000l\000a\000y\000C\000l\000i\000p\000\050\000A\000u\000d\000i\000o\000C\000l\000i\000p\000\040\000c\000l\000i\000p\000\051}{subsection.5.3.2}% 17
\BOOKMARK [3][-]{subsubsection.5.3.2.2}{\376\377\0005\000.\0003\000.\0002\000.\0002\000\040\000S\000t\000o\000p\000C\000l\000i\000p\000\050\000\051}{subsection.5.3.2}% 18
\BOOKMARK [1][-]{section.5.4}{\376\377\0005\000.\0004\000\040\000S\000w\000i\000p\000e\000M\000e\000n\000u\000.\000M\000e\000n\000u\000\040\000C\000l\000a\000s\000s\000\040\000R\000e\000f\000e\000r\000e\000n\000c\000e}{chapter.5}% 19
\BOOKMARK [2][-]{subsection.5.4.1}{\376\377\0005\000.\0004\000.\0001\000\040\000D\000e\000t\000a\000i\000l\000e\000d\000\040\000D\000e\000s\000c\000r\000i\000p\000t\000i\000o\000n}{section.5.4}% 20
\BOOKMARK [2][-]{subsection.5.4.2}{\376\377\0005\000.\0004\000.\0002\000\040\000M\000e\000m\000b\000e\000r\000\040\000F\000u\000n\000c\000t\000i\000o\000n\000\040\000D\000o\000c\000u\000m\000e\000n\000t\000a\000t\000i\000o\000n}{section.5.4}% 21
\BOOKMARK [3][-]{subsubsection.5.4.2.1}{\376\377\0005\000.\0004\000.\0002\000.\0001\000\040\000A\000c\000t\000i\000v\000a\000t\000e\000S\000e\000l\000e\000c\000t\000e\000d\000M\000e\000n\000u\000I\000t\000e\000m\000\050\000M\000e\000n\000u\000I\000t\000e\000m\000\040\000i\000t\000e\000m\000\051}{subsection.5.4.2}% 22
\BOOKMARK [3][-]{subsubsection.5.4.2.2}{\376\377\0005\000.\0004\000.\0002\000.\0002\000\040\000A\000n\000i\000m\000a\000t\000e\000T\000o\000T\000a\000r\000g\000e\000t\000I\000t\000e\000m\000\050\000M\000e\000n\000u\000I\000t\000e\000m\000\040\000i\000t\000e\000m\000\051}{subsection.5.4.2}% 23
\BOOKMARK [3][-]{subsubsection.5.4.2.3}{\376\377\0005\000.\0004\000.\0002\000.\0003\000\040\000C\000o\000n\000s\000t\000a\000n\000t\000\050\000f\000l\000o\000a\000t\000\040\000a\000m\000o\000u\000n\000t\000\051}{subsection.5.4.2}% 24
\BOOKMARK [3][-]{subsubsection.5.4.2.4}{\376\377\0005\000.\0004\000.\0002\000.\0004\000\040\000H\000i\000d\000e\000M\000e\000n\000u\000s\000\050\000\051}{subsection.5.4.2}% 25
\BOOKMARK [3][-]{subsubsection.5.4.2.5}{\376\377\0005\000.\0004\000.\0002\000.\0005\000\040\000I\000n\000e\000r\000t\000i\000a\000\050\000f\000l\000o\000a\000t\000\040\000a\000m\000o\000u\000n\000t\000\051}{subsection.5.4.2}% 26
\BOOKMARK [3][-]{subsubsection.5.4.2.6}{\376\377\0005\000.\0004\000.\0002\000.\0006\000\040\000L\000o\000c\000k\000T\000o\000C\000l\000o\000s\000e\000s\000t\000\050\000\051}{subsection.5.4.2}% 27
\BOOKMARK [3][-]{subsubsection.5.4.2.7}{\376\377\0005\000.\0004\000.\0002\000.\0007\000\040\000M\000e\000n\000u\000C\000e\000n\000t\000r\000e\000d\000\050\000M\000e\000n\000u\000I\000t\000e\000m\000\040\000i\000t\000e\000m\000\051}{subsection.5.4.2}% 28
\BOOKMARK [3][-]{subsubsection.5.4.2.8}{\376\377\0005\000.\0004\000.\0002\000.\0008\000\040\000M\000o\000v\000e\000L\000e\000f\000t\000R\000i\000g\000h\000t\000B\000y\000A\000m\000o\000u\000n\000t\000\050\000i\000n\000t\000\040\000a\000m\000o\000u\000n\000t\000\051}{subsection.5.4.2}% 29
\BOOKMARK [3][-]{subsubsection.5.4.2.9}{\376\377\0005\000.\0004\000.\0002\000.\0009\000\040\000S\000h\000o\000w\000M\000e\000n\000u\000s\000\050\000\051}{subsection.5.4.2}% 30
\BOOKMARK [2][-]{subsection.5.4.3}{\376\377\0005\000.\0004\000.\0003\000\040\000M\000e\000m\000b\000e\000r\000\040\000D\000a\000t\000a\000\040\000D\000o\000c\000u\000m\000e\000n\000t\000a\000t\000i\000o\000n}{section.5.4}% 31
\BOOKMARK [3][-]{subsubsection.5.4.3.1}{\376\377\0005\000.\0004\000.\0003\000.\0001\000\040\000d\000i\000s\000t\000a\000n\000c\000e\000B\000e\000t\000w\000e\000e\000n\000M\000e\000n\000u\000s}{subsection.5.4.3}% 32
\BOOKMARK [3][-]{subsubsection.5.4.3.2}{\376\377\0005\000.\0004\000.\0003\000.\0002\000\040\000d\000i\000s\000t\000a\000n\000c\000e\000B\000e\000t\000w\000e\000e\000n\000S\000e\000l\000e\000c\000t\000e\000d\000M\000e\000n\000u\000A\000n\000d\000O\000t\000h\000e\000r\000s}{subsection.5.4.3}% 33
\BOOKMARK [3][-]{subsubsection.5.4.3.3}{\376\377\0005\000.\0004\000.\0003\000.\0003\000\040\000m\000e\000n\000u\000I\000t\000e\000m\000A\000n\000g\000l\000e}{subsection.5.4.3}% 34
\BOOKMARK [3][-]{subsubsection.5.4.3.4}{\376\377\0005\000.\0004\000.\0003\000.\0004\000\040\000m\000e\000n\000u\000I\000t\000e\000m\000s}{subsection.5.4.3}% 35
\BOOKMARK [3][-]{subsubsection.5.4.3.5}{\376\377\0005\000.\0004\000.\0003\000.\0005\000\040\000s\000t\000a\000r\000t\000i\000n\000g\000M\000e\000n\000u\000I\000t\000e\000m}{subsection.5.4.3}% 36
\BOOKMARK [2][-]{subsection.5.4.4}{\376\377\0005\000.\0004\000.\0004\000\040\000P\000r\000o\000p\000e\000r\000t\000y\000\040\000D\000o\000c\000u\000m\000e\000n\000t\000a\000t\000i\000o\000n}{section.5.4}% 37
\BOOKMARK [3][-]{subsubsection.5.4.4.1}{\376\377\0005\000.\0004\000.\0004\000.\0001\000\040\000i\000n\000s\000t\000a\000n\000c\000e}{subsection.5.4.4}% 38
\BOOKMARK [1][-]{section.5.5}{\376\377\0005\000.\0005\000\040\000S\000w\000i\000p\000e\000M\000e\000n\000u\000.\000M\000e\000n\000u\000I\000t\000e\000m\000\040\000C\000l\000a\000s\000s\000\040\000R\000e\000f\000e\000r\000e\000n\000c\000e}{chapter.5}% 39
\BOOKMARK [2][-]{subsection.5.5.1}{\376\377\0005\000.\0005\000.\0001\000\040\000D\000e\000t\000a\000i\000l\000e\000d\000\040\000D\000e\000s\000c\000r\000i\000p\000t\000i\000o\000n}{section.5.5}% 40
\BOOKMARK [2][-]{subsection.5.5.2}{\376\377\0005\000.\0005\000.\0002\000\040\000M\000e\000m\000b\000e\000r\000\040\000D\000a\000t\000a\000\040\000D\000o\000c\000u\000m\000e\000n\000t\000a\000t\000i\000o\000n}{section.5.5}% 41
\BOOKMARK [3][-]{subsubsection.5.5.2.1}{\376\377\0005\000.\0005\000.\0002\000.\0001\000\040\000O\000n\000C\000l\000i\000c\000k}{subsection.5.5.2}% 42
\BOOKMARK [3][-]{subsubsection.5.5.2.2}{\376\377\0005\000.\0005\000.\0002\000.\0002\000\040\000O\000n\000O\000t\000h\000e\000r\000M\000e\000n\000u\000C\000l\000i\000c\000k}{subsection.5.5.2}% 43
\BOOKMARK [1][-]{section.5.6}{\376\377\0005\000.\0006\000\040\000M\000o\000v\000e\000B\000e\000t\000w\000e\000e\000n\000M\000e\000n\000u\000s\000\040\000C\000l\000a\000s\000s\000\040\000R\000e\000f\000e\000r\000e\000n\000c\000e}{chapter.5}% 44
\BOOKMARK [1][-]{section.5.7}{\376\377\0005\000.\0007\000\040\000S\000h\000o\000w\000T\000e\000x\000t\000O\000n\000M\000e\000n\000u\000C\000e\000n\000t\000r\000e\000d\000\040\000C\000l\000a\000s\000s\000\040\000R\000e\000f\000e\000r\000e\000n\000c\000e}{chapter.5}% 45
\BOOKMARK [2][-]{subsection.5.7.1}{\376\377\0005\000.\0007\000.\0001\000\040\000D\000e\000t\000a\000i\000l\000e\000d\000\040\000D\000e\000s\000c\000r\000i\000p\000t\000i\000o\000n}{section.5.7}% 46
\BOOKMARK [1][-]{section.5.8}{\376\377\0005\000.\0008\000\040\000S\000w\000i\000p\000e\000M\000e\000n\000u\000.\000S\000u\000b\000M\000e\000n\000u\000I\000t\000e\000m\000\040\000C\000l\000a\000s\000s\000\040\000R\000e\000f\000e\000r\000e\000n\000c\000e}{chapter.5}% 47
\BOOKMARK [2][-]{subsection.5.8.1}{\376\377\0005\000.\0008\000.\0001\000\040\000D\000e\000t\000a\000i\000l\000e\000d\000\040\000D\000e\000s\000c\000r\000i\000p\000t\000i\000o\000n}{section.5.8}% 48
\BOOKMARK [2][-]{subsection.5.8.2}{\376\377\0005\000.\0008\000.\0002\000\040\000M\000e\000m\000b\000e\000r\000\040\000D\000a\000t\000a\000\040\000D\000o\000c\000u\000m\000e\000n\000t\000a\000t\000i\000o\000n}{section.5.8}% 49
\BOOKMARK [3][-]{subsubsection.5.8.2.1}{\376\377\0005\000.\0008\000.\0002\000.\0001\000\040\000O\000n\000C\000l\000i\000c\000k}{subsection.5.8.2}% 50
\BOOKMARK [3][-]{subsubsection.5.8.2.2}{\376\377\0005\000.\0008\000.\0002\000.\0002\000\040\000O\000w\000n\000e\000r\000M\000e\000n\000u}{subsection.5.8.2}% 51
\BOOKMARK [1][-]{section.5.9}{\376\377\0005\000.\0009\000\040\000S\000w\000i\000p\000e\000M\000e\000n\000u\000.\000S\000w\000i\000p\000e\000H\000a\000n\000d\000l\000e\000r\000\040\000C\000l\000a\000s\000s\000\040\000R\000e\000f\000e\000r\000e\000n\000c\000e}{chapter.5}% 52
\BOOKMARK [2][-]{subsection.5.9.1}{\376\377\0005\000.\0009\000.\0001\000\040\000D\000e\000t\000a\000i\000l\000e\000d\000\040\000D\000e\000s\000c\000r\000i\000p\000t\000i\000o\000n}{section.5.9}% 53
\BOOKMARK [2][-]{subsection.5.9.2}{\376\377\0005\000.\0009\000.\0002\000\040\000M\000e\000m\000b\000e\000r\000\040\000D\000a\000t\000a\000\040\000D\000o\000c\000u\000m\000e\000n\000t\000a\000t\000i\000o\000n}{section.5.9}% 54
\BOOKMARK [3][-]{subsubsection.5.9.2.1}{\376\377\0005\000.\0009\000.\0002\000.\0001\000\040\000f\000l\000i\000c\000k\000T\000y\000p\000e}{subsection.5.9.2}% 55
\BOOKMARK [3][-]{subsubsection.5.9.2.2}{\376\377\0005\000.\0009\000.\0002\000.\0002\000\040\000h\000a\000n\000d\000l\000e\000F\000l\000i\000c\000k\000s}{subsection.5.9.2}% 56
\BOOKMARK [3][-]{subsubsection.5.9.2.3}{\376\377\0005\000.\0009\000.\0002\000.\0003\000\040\000h\000a\000n\000d\000l\000e\000S\000w\000i\000p\000e\000s}{subsection.5.9.2}% 57
\BOOKMARK [3][-]{subsubsection.5.9.2.4}{\376\377\0005\000.\0009\000.\0002\000.\0004\000\040\000l\000o\000c\000k\000T\000o\000C\000l\000o\000s\000e\000s\000t}{subsection.5.9.2}% 58
\BOOKMARK [3][-]{subsubsection.5.9.2.5}{\376\377\0005\000.\0009\000.\0002\000.\0005\000\040\000r\000e\000q\000u\000i\000r\000e\000d\000F\000o\000r\000c\000e\000F\000o\000r\000F\000l\000i\000c\000k}{subsection.5.9.2}% 59
\BOOKMARK [2][-]{subsection.5.9.3}{\376\377\0005\000.\0009\000.\0003\000\040\000P\000r\000o\000p\000e\000r\000t\000y\000\040\000D\000o\000c\000u\000m\000e\000n\000t\000a\000t\000i\000o\000n}{section.5.9}% 60
\BOOKMARK [3][-]{subsubsection.5.9.3.1}{\376\377\0005\000.\0009\000.\0003\000.\0001\000\040\000i\000s\000S\000w\000i\000p\000i\000n\000g}{subsection.5.9.3}% 61
\BOOKMARK [1][-]{section.5.10}{\376\377\0005\000.\0001\0000\000\040\000S\000w\000i\000p\000e\000M\000e\000n\000u\000A\000u\000d\000i\000o\000P\000l\000a\000y\000e\000r\000\040\000C\000l\000a\000s\000s\000\040\000R\000e\000f\000e\000r\000e\000n\000c\000e}{chapter.5}% 62
\BOOKMARK [2][-]{subsection.5.10.1}{\376\377\0005\000.\0001\0000\000.\0001\000\040\000D\000e\000t\000a\000i\000l\000e\000d\000\040\000D\000e\000s\000c\000r\000i\000p\000t\000i\000o\000n}{section.5.10}% 63
\BOOKMARK [2][-]{subsection.5.10.2}{\376\377\0005\000.\0001\0000\000.\0002\000\040\000M\000e\000m\000b\000e\000r\000\040\000F\000u\000n\000c\000t\000i\000o\000n\000\040\000D\000o\000c\000u\000m\000e\000n\000t\000a\000t\000i\000o\000n}{section.5.10}% 64
\BOOKMARK [3][-]{subsubsection.5.10.2.1}{\376\377\0005\000.\0001\0000\000.\0002\000.\0001\000\040\000A\000c\000t\000i\000v\000a\000t\000e\000\050\000A\000u\000d\000i\000o\000C\000l\000i\000p\000\040\000c\000l\000i\000p\000\051}{subsection.5.10.2}% 65
\BOOKMARK [3][-]{subsubsection.5.10.2.2}{\376\377\0005\000.\0001\0000\000.\0002\000.\0002\000\040\000D\000e\000a\000c\000t\000i\000v\000a\000t\000e\000\050\000\051}{subsection.5.10.2}% 66
\BOOKMARK [1][-]{section.5.11}{\376\377\0005\000.\0001\0001\000\040\000S\000w\000i\000p\000e\000M\000e\000n\000u\000.\000T\000o\000u\000c\000h\000H\000a\000n\000d\000l\000e\000r\000\040\000C\000l\000a\000s\000s\000\040\000R\000e\000f\000e\000r\000e\000n\000c\000e}{chapter.5}% 67
\BOOKMARK [2][-]{subsection.5.11.1}{\376\377\0005\000.\0001\0001\000.\0001\000\040\000D\000e\000t\000a\000i\000l\000e\000d\000\040\000D\000e\000s\000c\000r\000i\000p\000t\000i\000o\000n}{section.5.11}% 68
\BOOKMARK [2][-]{subsection.5.11.2}{\376\377\0005\000.\0001\0001\000.\0002\000\040\000M\000e\000m\000b\000e\000r\000\040\000D\000a\000t\000a\000\040\000D\000o\000c\000u\000m\000e\000n\000t\000a\000t\000i\000o\000n}{section.5.11}% 69
\BOOKMARK [3][-]{subsubsection.5.11.2.1}{\376\377\0005\000.\0001\0001\000.\0002\000.\0001\000\040\000h\000a\000n\000d\000l\000e\000T\000o\000u\000c\000h\000e\000s}{subsection.5.11.2}% 70
\BOOKMARK [3][-]{subsubsection.5.11.2.2}{\376\377\0005\000.\0001\0001\000.\0002\000.\0002\000\040\000r\000e\000q\000u\000i\000r\000e\000M\000e\000n\000u\000I\000t\000e\000m\000T\000o\000B\000e\000C\000e\000n\000t\000r\000e\000d\000F\000o\000r\000S\000e\000l\000e\000c\000t\000i\000i\000o\000n}{subsection.5.11.2}% 71
\BOOKMARK [1][-]{section.5.12}{\376\377\0005\000.\0001\0002\000\040\000U\000p\000d\000a\000t\000e\000M\000e\000n\000u\000I\000t\000e\000m\000O\000n\000C\000l\000i\000c\000k\000\040\000C\000l\000a\000s\000s\000\040\000R\000e\000f\000e\000r\000e\000n\000c\000e}{chapter.5}% 72
\BOOKMARK [1][-]{section.5.13}{\376\377\0005\000.\0001\0003\000\040\000U\000p\000d\000a\000t\000e\000T\000e\000x\000t\000C\000o\000l\000o\000u\000r\000O\000n\000M\000e\000n\000u\000C\000l\000i\000c\000k\000\040\000C\000l\000a\000s\000s\000\040\000R\000e\000f\000e\000r\000e\000n\000c\000e}{chapter.5}% 73
\BOOKMARK [0][-]{section*.24}{\376\377\000I\000n\000d\000e\000x}{}% 74
